2023-03-05T13:51:40+00:00 DEBUG tt4b_product_sync: missing access token for tt4b_product_sync
2023-03-05T13:54:25+00:00 DEBUG tt4b_product_sync: missing access token for tt4b_product_sync
2023-03-05T13:58:06+00:00 DEBUG tt4b_product_sync: missing access token for tt4b_product_sync
2023-03-05T13:59:58+00:00 DEBUG tt4b_product_sync: missing access token for tt4b_product_sync
2023-03-05T14:00:05+00:00 DEBUG tt4b_product_sync: missing access token for tt4b_product_sync
2023-03-05T14:00:39+00:00 DEBUG tt4b_product_sync: missing access token for tt4b_product_sync
2023-03-05T14:05:47+00:00 DEBUG tt4b_product_sync: missing access token for tt4b_product_sync
2023-03-05T15:32:51+00:00 DEBUG POST: https://business-api.tiktok.com/open_api/v1.2/tbp/business_profile/disconnect/

{"external_business_id":false,"business_platform":"WOO_COMMERCE","is_setup_page":0,"app_id":false}
 ajax: no
2023-03-05T15:32:53+00:00 DEBUG Tt4b_Mapi_Class::mapi_post: Response: 

HTTP/1.1 200 OK
Server: nginx
Content-Type: application/json; charset=utf-8
Content-Length: 103
X-Api-Deprecation-Info: API for Business Version 1.3 is now live. To avoid disruption to your business, we recommend you migrate all calls to v1.3 as soon as possible. Please visit our migration guide for more details: https://ads.tiktok.com/marketing_api/docs?id=1740029169927169
X-Domain-Change-Info: We have moved to the new domain business-api.tiktok.com for API services after the Platform Upgrade on 09/30/2021. Please update all of your requests with the new domain if you haven't done so already. For more information, please visit https://ads.tiktok.com/marketing_api/docs?rid=esb88xalm6m&id=1709207085043713
X-Tt-Logid: 20230305153252987BCDA7C0892920B336
Server-Timing: inner; dur=4
x-tt-trace-host: 01d798e8f4ee5b8988f8fd7ec10a793ba0eafd4459f4d622a62c8909596d5ee0a30c18a43b1c95582491d446ed0e7303a55a3a84545a99d94200918eb3c1b96bf468894e8739032ec8639a3a45ac155f96a3541e2363f0bf74797ae8d9a942d655
Expires: Sun, 05 Mar 2023 15:32:53 GMT
Cache-Control: max-age=0, no-cache, no-store
Pragma: no-cache
Date: Sun, 05 Mar 2023 15:32:53 GMT
X-Cache: TCP_MISS from a104-110-240-124.deploy.akamaitechnologies.com (AkamaiGHost/11.0.0-46340752) (-)
Connection: close
x-tt-trace-tag: id=16;cdn-cache=miss;type=dyn
Server-Timing: cdn-cache; desc=MISS, edge; dur=1, origin; dur=174
X-Origin-Response-Time: 174,104.110.240.124
X-Akamai-Request-ID: 79ca46a1

{"code":40104,"message":"The access_token is empty.","request_id":"20230305153252987BCDA7C0892920B336"}

2023-03-05T15:32:53+00:00 DEBUG POST: https://business-api.tiktok.com/tbp/v2.0/shop/connection/disconnect?external_data=

--- EMPTY STRING ---
 ajax: no
2023-03-05T15:32:53+00:00 DEBUG Tt4b_Mapi_Class::tts_shop_disconnect: Response: 

HTTP/1.1 200 OK
Server: nginx
Content-Type: application/json; charset=utf-8
Content-Length: 95
X-Api-Deprecation-Info: API for Business Version 1.3 is now live. To avoid disruption to your business, we recommend you migrate all calls to v1.3 as soon as possible. Please visit our migration guide for more details: https://ads.tiktok.com/marketing_api/docs?id=1740029169927169
X-Domain-Change-Info: We have moved to the new domain business-api.tiktok.com for API services after the Platform Upgrade on 09/30/2021. Please update all of your requests with the new domain if you haven't done so already. For more information, please visit https://ads.tiktok.com/marketing_api/docs?rid=esb88xalm6m&id=1709207085043713
X-Tt-Logid: 20230305153252BB86748D03CFEC1F6AD9
x-tt-trace-host: 01d798e8f4ee5b8988f8fd7ec10a793ba0f5cb57388c359418a503d9fb1eee4f085a2bc4419b0ddce3a8b739b072a73ede73eb492856de9fd7600705331b242dd8b67e8e61429dc97bca73be6ed6790f241be945eeee4125f8b73ea5c88a8f0ba0bca1bad729ca7cb8866be4fd3aedae4a
X-Origin-Response-Time: 15,184.28.229.45
X-Akamai-Request-ID: c99dd05.79ca4821
Expires: Sun, 05 Mar 2023 15:32:53 GMT
Cache-Control: max-age=0, no-cache, no-store
Pragma: no-cache
Date: Sun, 05 Mar 2023 15:32:53 GMT
X-Cache: TCP_MISS from a104-110-240-124.deploy.akamaitechnologies.com (AkamaiGHost/11.0.0-46340752) (-)
Connection: close
X-Cache-Remote: TCP_MISS from a184-28-229-45.deploy.akamaitechnologies.com (AkamaiGHost/11.0.0-46340752) (-)
x-tt-trace-tag: id=16;cdn-cache=miss;type=dyn
Server-Timing: cdn-cache; desc=MISS, edge; dur=172, origin; dur=15
Server-Timing: inner; dur=10
X-Parent-Response-Time: 186,104.110.240.124

{"code":40001,"message":"Permission denied.","request_id":"20230305153252BB86748D03CFEC1F6AD9"}

